<?xml version="1.0" encoding="UTF-8"?>
<!-- Generated by org.testng.reporters.JUnitXMLReporter -->
<testsuite ignored="0" hostname="DESKTOP-KQV1UM2" failures="0" tests="3" name="Default test" time="0.617" errors="0" timestamp="2024-05-31T02:31:02 IST">
  <testcase classname="com.crm.ListenerCode.DWSBaseClass" name="@BeforeClass beforeClass" time="0.002">
    <failure type="java.io.FileNotFoundException" message="D:\java\FastrackAdvanceSelenium\src\test\resources\DWS.propertie (The system cannot find the file specified)">
      <![CDATA[java.io.FileNotFoundException: D:\java\FastrackAdvanceSelenium\src\test\resources\DWS.propertie (The system cannot find the file specified)
at java.base/java.io.FileInputStream.open0(Native Method)
at java.base/java.io.FileInputStream.open(FileInputStream.java:216)
at java.base/java.io.FileInputStream.<init>(FileInputStream.java:157)
at java.base/java.io.FileInputStream.<init>(FileInputStream.java:111)
at com.crm.ListenerCode.DWSBaseClass.beforeClass(DWSBaseClass.java:44)
at java.base/jdk.internal.reflect.NativeMethodAccessorImpl.invoke0(Native Method)
at java.base/jdk.internal.reflect.NativeMethodAccessorImpl.invoke(NativeMethodAccessorImpl.java:77)
at java.base/jdk.internal.reflect.DelegatingMethodAccessorImpl.invoke(DelegatingMethodAccessorImpl.java:43)
at java.base/java.lang.reflect.Method.invoke(Method.java:568)
at org.testng.internal.MethodInvocationHelper.invokeMethod(MethodInvocationHelper.java:133)
at org.testng.internal.MethodInvocationHelper.invokeMethodConsideringTimeout(MethodInvocationHelper.java:62)
at org.testng.internal.ConfigInvoker.invokeConfigurationMethod(ConfigInvoker.java:385)
at org.testng.internal.ConfigInvoker.invokeConfigurations(ConfigInvoker.java:321)
at org.testng.internal.TestMethodWorker.invokeBeforeClassMethods(TestMethodWorker.java:176)
at org.testng.internal.TestMethodWorker.run(TestMethodWorker.java:122)
at java.base/java.util.ArrayList.forEach(ArrayList.java:1511)
at org.testng.TestRunner.privateRun(TestRunner.java:794)
at org.testng.TestRunner.run(TestRunner.java:596)
at org.testng.SuiteRunner.runTest(SuiteRunner.java:377)
at org.testng.SuiteRunner.runSequentially(SuiteRunner.java:371)
at org.testng.SuiteRunner.privateRun(SuiteRunner.java:332)
at org.testng.SuiteRunner.run(SuiteRunner.java:276)
at org.testng.SuiteRunnerWorker.runSuite(SuiteRunnerWorker.java:53)
at org.testng.SuiteRunnerWorker.run(SuiteRunnerWorker.java:96)
at org.testng.TestNG.runSuitesSequentially(TestNG.java:1212)
at org.testng.TestNG.runSuitesLocally(TestNG.java:1134)
at org.testng.TestNG.runSuites(TestNG.java:1063)
at org.testng.TestNG.run(TestNG.java:1031)
at org.testng.remote.AbstractRemoteTestNG.run(AbstractRemoteTestNG.java:115)
at org.testng.remote.RemoteTestNG.initAndRun(RemoteTestNG.java:251)
at org.testng.remote.RemoteTestNG.main(RemoteTestNG.java:77)
]]>
    </failure>
  </testcase> <!-- @BeforeClass beforeClass -->
  <testcase classname="com.crm.ListenerCode.DWSBaseClass" name="@BeforeMethod beforeMethod" time="-1.717102861283E9">
    <skipped/>
  </testcase> <!-- @BeforeMethod beforeMethod -->
  <testcase classname="com.crm.ListenerCode.DWSBaseClass" name="@AfterMethod afterMethod" time="-1.717102861321E9">
    <skipped/>
  </testcase> <!-- @AfterMethod afterMethod -->
  <testcase classname="com.crm.ListenerCode.DWSBaseClass" name="@BeforeMethod beforeMethod" time="-1.71710286133E9">
    <skipped/>
  </testcase> <!-- @BeforeMethod beforeMethod -->
  <testcase classname="com.crm.ListenerCode.DWSBaseClass" name="@AfterMethod afterMethod" time="-1.717102861348E9">
    <skipped/>
  </testcase> <!-- @AfterMethod afterMethod -->
  <testcase classname="com.crm.ListenerCode.DWSBaseClass" name="@AfterClass afterClass" time="-1.717102861386E9">
    <skipped/>
  </testcase> <!-- @AfterClass afterClass -->
  <testcase classname="Extent_Report.ReportWithTestCase" name="dwsLoginWrong" time="0.0">
    <skipped/>
  </testcase> <!-- dwsLoginWrong -->
  <testcase classname="Extent_Report.ReportWithTestCase" name="dwsLoginCorrect" time="0.0">
    <skipped/>
  </testcase> <!-- dwsLoginCorrect -->
  <testcase classname="Extent_Report.ReportWithTestCase" name="redbus" time="0.0">
    <skipped/>
  </testcase> <!-- redbus -->
</testsuite> <!-- Default test -->
